<?xml version="1.0" encoding="UTF-8"?>
<!-- Generated by org.testng.reporters.JUnitReportReporter -->
<testsuite skipped="0" hostname="GOAL-14" name="week3.day1.chaining.CreateCRWithOutBody" tests="1" failures="0" timestamp="2020-04-25T12:26:59 IST" time="8.693" errors="0">
  <testcase name="createCRWithOutBody" time="8.693" classname="week3.day1.chaining.CreateCRWithOutBody"/>
  <system-out/>
</testsuite> <!-- week3.day1.chaining.CreateCRWithOutBody -->
