<?xml version="1.0" encoding="UTF-8"?>
<!-- Generated by org.testng.reporters.JUnitReportReporter -->
<testsuite skipped="0" hostname="GOAL-14" name="GetAllCR" tests="1" failures="0" timestamp="2020-04-19T10:00:37 IST" time="11.267" errors="0">
  <testcase name="getAllCR" time="11.267" classname="GetAllCR"/>
  <system-out/>
</testsuite> <!-- GetAllCR -->
