<?xml version="1.0" encoding="UTF-8"?>
<!-- Generated by org.testng.reporters.JUnitReportReporter -->
<testsuite skipped="0" hostname="GOAL-14" name="servicenow.create.cr.CreateCRWithDPParellel" tests="2" failures="0" timestamp="2020-04-19T12:45:51 IST" time="21.791" errors="0">
  <testcase name="createCRWithDP" time="10.896" classname="servicenow.create.cr.CreateCRWithDPParellel"/>
  <system-out/>
  <testcase name="createCRWithDP" time="10.895" classname="servicenow.create.cr.CreateCRWithDPParellel"/>
  <system-out/>
</testsuite> <!-- servicenow.create.cr.CreateCRWithDPParellel -->
