<?xml version="1.0" encoding="UTF-8"?>
<!-- Generated by org.testng.reporters.JUnitReportReporter -->
<testsuite skipped="0" hostname="GOAL-14" name="servicenow.delete.cr.DeleteCR" tests="1" failures="0" timestamp="2020-04-19T12:44:20 IST" time="9.247" errors="0">
  <testcase name="deleteCR" time="9.247" classname="servicenow.delete.cr.DeleteCR"/>
  <system-out/>
</testsuite> <!-- servicenow.delete.cr.DeleteCR -->
