<?xml version="1.0" encoding="UTF-8"?>
<!-- Generated by org.testng.reporters.JUnitReportReporter -->
<testsuite skipped="0" hostname="GOAL-14" name="jira.UpdateRecentIssue" tests="1" failures="0" timestamp="2020-04-20T18:38:07 IST" time="7.126" errors="0">
  <testcase name="deleteRandomIssue" time="7.126" classname="jira.UpdateRecentIssue"/>
  <system-out/>
</testsuite> <!-- jira.UpdateRecentIssue -->
