<?xml version="1.0" encoding="UTF-8"?>
<!-- Generated by org.testng.reporters.JUnitReportReporter -->
<testsuite skipped="0" hostname="GOAL-14" name="servicenow.GetAllCRXML" tests="1" failures="0" timestamp="2020-04-19T11:15:48 IST" time="13.844" errors="0">
  <testcase name="getAllCR" time="13.844" classname="servicenow.GetAllCRXML"/>
  <system-out/>
</testsuite> <!-- servicenow.GetAllCRXML -->
