<?xml version="1.0" encoding="UTF-8"?>
<!-- Generated by org.testng.reporters.JUnitReportReporter -->
<testsuite skipped="0" hostname="GOAL-14" name="jira.GetAllIssuesCreatedIn24Hrs" tests="1" failures="0" timestamp="2020-04-25T10:36:54 IST" time="6.451" errors="0">
  <testcase name="getAllIssuesCreatedIn24Hrs" time="6.451" classname="jira.GetAllIssuesCreatedIn24Hrs"/>
  <system-out/>
</testsuite> <!-- jira.GetAllIssuesCreatedIn24Hrs -->
