<?xml version="1.0" encoding="UTF-8"?>
<!-- Generated by org.testng.reporters.JUnitReportReporter -->
<testsuite skipped="0" hostname="GOAL-14" name="servicenow.update.cr.UpdateCR" tests="1" failures="0" timestamp="2020-04-19T12:49:25 IST" time="9.625" errors="0">
  <testcase name="updateCR" time="9.625" classname="servicenow.update.cr.UpdateCR"/>
  <system-out/>
</testsuite> <!-- servicenow.update.cr.UpdateCR -->
