<?xml version="1.0" encoding="UTF-8"?>
<!-- Generated by org.testng.reporters.JUnitReportReporter -->
<testsuite skipped="0" hostname="GOAL-14" name="jira.week3.day1.GetAllCR" tests="1" failures="0" timestamp="2020-04-25T10:49:22 IST" time="6.025" errors="0">
  <testcase name="getAllCR" time="6.025" classname="jira.week3.day1.GetAllCR"/>
  <system-out/>
</testsuite> <!-- jira.week3.day1.GetAllCR -->
