<?xml version="1.0" encoding="UTF-8"?>
<!-- Generated by org.testng.reporters.JUnitReportReporter -->
<testsuite skipped="0" hostname="GOAL-14" name="jira.DeleteRandomIssue" tests="1" failures="0" timestamp="2020-04-20T13:51:53 IST" time="9.769" errors="0">
  <testcase name="deleteRandomIssue" time="9.769" classname="jira.DeleteRandomIssue"/>
  <system-out/>
</testsuite> <!-- jira.DeleteRandomIssue -->
