<?xml version="1.0" encoding="UTF-8"?>
<!-- Generated by org.testng.reporters.JUnitReportReporter -->
<testsuite skipped="0" hostname="GOAL-14" name="bestbuy.PrintTotalBestBuyStores" tests="1" failures="0" timestamp="2020-04-20T17:40:17 IST" time="7.412" errors="0">
  <testcase name="printTotalBestBuySTores" time="7.412" classname="bestbuy.PrintTotalBestBuyStores"/>
  <system-out/>
</testsuite> <!-- bestbuy.PrintTotalBestBuyStores -->
