<?xml version="1.0" encoding="UTF-8"?>
<!-- Generated by org.testng.reporters.JUnitReportReporter -->
<testsuite skipped="0" hostname="GOAL-14" name="jira.CreateIssueAndAttachFile" tests="1" failures="0" timestamp="2020-04-20T18:52:24 IST" time="9.878" errors="0">
  <testcase name="createIssueAndAttachFIle" time="9.878" classname="jira.CreateIssueAndAttachFile"/>
  <system-out/>
</testsuite> <!-- jira.CreateIssueAndAttachFile -->
