<?xml version="1.0" encoding="UTF-8"?>
<!-- Generated by org.testng.reporters.JUnitReportReporter -->
<testsuite skipped="0" hostname="GOAL-14" name="bestbuy.BestStoresWithIn20Miles" tests="1" failures="0" timestamp="2020-04-20T17:45:11 IST" time="15.924" errors="0">
  <testcase name="printTotalBestBuySTores" time="15.924" classname="bestbuy.BestStoresWithIn20Miles"/>
  <system-out/>
</testsuite> <!-- bestbuy.BestStoresWithIn20Miles -->
