<?xml version="1.0" encoding="UTF-8"?>
<!-- Generated by org.testng.reporters.JUnitReportReporter -->
<testsuite skipped="0" hostname="GOAL-14" name="servicenow.create.cr.CreateCRWithOutBody" tests="1" failures="0" timestamp="2020-04-25T12:26:32 IST" time="15.833" errors="0">
  <testcase name="createCRWithOutBody" time="15.833" classname="servicenow.create.cr.CreateCRWithOutBody"/>
  <system-out/>
</testsuite> <!-- servicenow.create.cr.CreateCRWithOutBody -->
