<?xml version="1.0" encoding="UTF-8"?>
<!-- Generated by org.testng.reporters.JUnitReportReporter -->
<testsuite skipped="0" hostname="GOAL-14" name="servicenow.create.cr.CreateCRWithDP" tests="2" failures="0" timestamp="2020-04-19T12:16:27 IST" time="18.982" errors="0">
  <testcase name="createCRWithDP" time="8.035" classname="servicenow.create.cr.CreateCRWithDP"/>
  <system-out/>
  <testcase name="createCRWithDP" time="10.947" classname="servicenow.create.cr.CreateCRWithDP"/>
  <system-out/>
</testsuite> <!-- servicenow.create.cr.CreateCRWithDP -->
