<?xml version="1.0" encoding="UTF-8"?>
<!-- Generated by org.testng.reporters.JUnitReportReporter -->
<testsuite skipped="0" hostname="GOAL-14" name="servicenow.create.cr.CreateCRWithFile" tests="1" failures="0" timestamp="2020-04-19T12:04:15 IST" time="10.543" errors="0">
  <testcase name="createCRWithOutBody" time="10.543" classname="servicenow.create.cr.CreateCRWithFile"/>
  <system-out/>
</testsuite> <!-- servicenow.create.cr.CreateCRWithFile -->
