<?xml version="1.0" encoding="UTF-8"?>
<!-- Generated by org.testng.reporters.JUnitReportReporter -->
<testsuite skipped="0" hostname="GOAL-14" name="week1.day2.bestbuy.CanonProductsInGivenPriceRange" tests="1" failures="0" timestamp="2020-06-09T15:12:03 IST" time="7.371" errors="0">
  <testcase name="CanonProductsInGivenPriceRange" time="7.371" classname="week1.day2.bestbuy.CanonProductsInGivenPriceRange"/>
  <system-out/>
</testsuite> <!-- week1.day2.bestbuy.CanonProductsInGivenPriceRange -->
