<?xml version="1.0" encoding="UTF-8"?>
<!-- Generated by org.testng.reporters.JUnitReportReporter -->
<testsuite skipped="0" hostname="GOAL-14" name="week1.day2.openweather.RainVolumeOfMumbai" tests="1" failures="0" timestamp="2020-06-17T17:49:12 IST" time="5.486" errors="0">
  <testcase name="rainVolumeOfMumbai" time="5.486" classname="week1.day2.openweather.RainVolumeOfMumbai"/>
  <system-out/>
</testsuite> <!-- week1.day2.openweather.RainVolumeOfMumbai -->
