<?xml version="1.0" encoding="UTF-8"?>
<!-- Generated by org.testng.reporters.JUnitReportReporter -->
<testsuite skipped="0" hostname="GOAL-14" name="week1.day2.bestbuy.ProductRegularAndSellingPrice" tests="1" failures="0" timestamp="2020-06-09T13:50:40 IST" time="6.987" errors="0">
  <testcase name="productRegularAndSellingPrice" time="6.987" classname="week1.day2.bestbuy.ProductRegularAndSellingPrice"/>
  <system-out/>
</testsuite> <!-- week1.day2.bestbuy.ProductRegularAndSellingPrice -->
