<?xml version="1.0" encoding="UTF-8"?>
<!-- Generated by org.testng.reporters.JUnitReportReporter -->
<testsuite skipped="0" hostname="GOAL-14" name="week1.day2.bestbuy.ProductAvailabilityPostalCodeWithAreaFun" tests="1" failures="0" timestamp="2020-06-09T15:04:55 IST" time="5.308" errors="0">
  <testcase name="productAvailabilityPostalCodeWithAreaFun" time="5.308" classname="week1.day2.bestbuy.ProductAvailabilityPostalCodeWithAreaFun"/>
  <system-out/>
</testsuite> <!-- week1.day2.bestbuy.ProductAvailabilityPostalCodeWithAreaFun -->
