<?xml version="1.0" encoding="UTF-8"?>
<!-- Generated by org.testng.reporters.JUnitReportReporter -->
<testsuite skipped="0" hostname="GOAL-14" name="week2.day2.apitudehotelbeds.AvailabilityByDestination" tests="1" failures="0" timestamp="2020-06-22T18:20:42 IST" time="3.298" errors="0">
  <testcase name="availabilityByDestination" time="3.298" classname="week2.day2.apitudehotelbeds.AvailabilityByDestination"/>
  <system-out/>
</testsuite> <!-- week2.day2.apitudehotelbeds.AvailabilityByDestination -->
