<?xml version="1.0" encoding="UTF-8"?>
<!-- Generated by org.testng.reporters.JUnitReportReporter -->
<testsuite skipped="0" hostname="GOAL-14" name="week1.day2.openweather.MajorCitiesWeather" tests="1" failures="0" timestamp="2020-06-17T17:50:51 IST" time="4.879" errors="0">
  <testcase name="majorCitiesWeather" time="4.879" classname="week1.day2.openweather.MajorCitiesWeather"/>
  <system-out/>
</testsuite> <!-- week1.day2.openweather.MajorCitiesWeather -->
