<?xml version="1.0" encoding="UTF-8"?>
<!-- Generated by org.testng.reporters.JUnitReportReporter -->
<testsuite skipped="0" hostname="GOAL-14" name="week2.day1.zoho.GetCustomer" tests="1" failures="0" timestamp="2020-06-18T13:34:58 IST" time="5.669" errors="0">
  <testcase name="createProduct" time="5.669" classname="week2.day1.zoho.GetCustomer"/>
  <system-out/>
</testsuite> <!-- week2.day1.zoho.GetCustomer -->
