<?xml version="1.0" encoding="UTF-8"?>
<!-- Generated by org.testng.reporters.JUnitReportReporter -->
<testsuite skipped="0" hostname="GOAL-14" name="week2.day1.zoho.OAUTH2GrantTypeTestCase" tests="1" failures="0" timestamp="2020-06-18T01:00:47 IST" time="6.855" errors="0">
  <testcase name="testOAuthWithAuthorizationCode" time="6.855" classname="week2.day1.zoho.OAUTH2GrantTypeTestCase"/>
  <system-out/>
</testsuite> <!-- week2.day1.zoho.OAUTH2GrantTypeTestCase -->
