<?xml version="1.0" encoding="UTF-8"?>
<!-- Generated by org.testng.reporters.JUnitReportReporter -->
<testsuite skipped="0" hostname="GOAL-14" name="week1.day2.bestbuy.StorePickUpTrue" tests="1" failures="0" timestamp="2020-06-08T11:44:19 IST" time="6.330" errors="0">
  <testcase name="productAvailabilityPostalCodeWithAreaFun" time="6.330" classname="week1.day2.bestbuy.StorePickUpTrue"/>
  <system-out/>
</testsuite> <!-- week1.day2.bestbuy.StorePickUpTrue -->
