<?xml version="1.0" encoding="UTF-8"?>
<!-- Generated by org.testng.reporters.JUnitReportReporter -->
<testsuite skipped="0" hostname="GOAL-14" name="week3.day2.uibank.UserLogin" tests="1" failures="0" timestamp="2020-06-22T20:14:26 IST" time="7.150" errors="0">
  <testcase name="TC001_userLogin" time="7.150" classname="week3.day2.uibank.UserLogin"/>
  <system-out/>
</testsuite> <!-- week3.day2.uibank.UserLogin -->
